<?xml version="1.0" encoding="UTF-8"?>
<!-- Generated by org.testng.reporters.JUnitReportReporter -->
<testsuite hostname="DESKTOP-MKTI67F" failures="0" tests="1" name="Testcase.Verifylogintestcase" time="5.945" errors="0" timestamp="2023-04-29T12:25:22 IST" skipped="0">
  <testcase classname="Testcase.Verifylogintestcase" name="login" time="5.945"/>
  <system-out/>
</testsuite> <!-- Testcase.Verifylogintestcase -->
